SF:lib/tiki_sdk.dart
DA:23,1
DA:25,1
DA:26,1
DA:30,2
DA:32,3
DA:34,3
DA:40,1
DA:42,1
DA:49,1
DA:51,1
DA:57,1
DA:60,1
LF:12
LH:12
end_of_record
SF:lib/tiki_sdk_data_type_enum.dart
DA:1,0
DA:4,1
LF:2
LH:1
end_of_record
SF:lib/tiki_sdk_destination.dart
DA:13,1
LF:1
LH:1
end_of_record
SF:lib/src/node/xchain/xchain_model.dart
DA:9,6
DA:12,1
DA:13,1
DA:14,1
DA:15,1
DA:16,0
DA:18,1
DA:20,1
DA:21,1
DA:22,1
DA:23,1
DA:24,1
DA:25,1
DA:29,0
DA:32,0
DA:33,0
DA:34,0
DA:35,0
DA:36,0
LF:19
LH:12
end_of_record
SF:lib/src/node/xchain/xchain_repository.dart
DA:9,5
DA:10,5
DA:13,5
DA:14,10
DA:21,5
DA:24,6
DA:25,2
DA:26,2
DA:27,2
DA:28,2
DA:29,2
DA:31,1
DA:32,1
DA:35,0
DA:36,0
DA:37,0
DA:40,0
DA:41,0
DA:42,0
DA:45,0
DA:46,0
DA:47,0
DA:50,0
DA:51,0
DA:52,0
DA:55,0
DA:56,0
DA:57,0
DA:58,0
DA:59,0
DA:60,0
DA:63,0
DA:64,0
DA:67,1
DA:68,1
DA:69,2
DA:73,1
DA:74,1
DA:75,2
DA:79,1
DA:80,1
DA:81,2
DA:82,2
LF:43
LH:23
end_of_record
SF:lib/src/node/backup/backup_model.dart
DA:9,2
DA:16,1
DA:17,1
DA:18,1
DA:20,3
DA:21,1
DA:23,0
DA:24,0
DA:25,0
DA:26,0
DA:27,0
DA:28,0
DA:32,0
DA:35,0
DA:36,0
DA:37,0
DA:38,0
DA:39,0
LF:18
LH:6
end_of_record
SF:lib/src/node/backup/backup_repository.dart
DA:10,2
DA:11,2
DA:14,2
DA:15,4
DA:22,2
DA:25,2
DA:26,4
DA:27,2
DA:28,6
DA:29,6
DA:30,2
DA:31,2
DA:34,1
DA:35,1
DA:38,0
DA:39,0
DA:40,0
DA:43,0
DA:45,0
DA:46,0
DA:49,0
DA:50,0
DA:51,0
DA:54,1
DA:55,1
DA:56,2
DA:60,1
DA:61,2
DA:69,1
DA:70,1
DA:71,2
DA:72,1
DA:73,1
DA:74,1
DA:75,1
DA:76,1
DA:78,1
DA:79,1
LF:38
LH:29
end_of_record
SF:lib/src/node/backup/backup_service.dart
DA:14,1
DA:15,1
DA:18,1
DA:19,1
DA:21,1
DA:22,1
DA:23,1
DA:25,1
DA:26,2
DA:28,2
DA:33,0
DA:35,0
DA:37,0
DA:40,0
DA:41,0
DA:43,0
DA:44,0
DA:46,0
DA:47,0
DA:48,0
DA:50,0
DA:52,0
DA:56,0
DA:57,0
DA:59,0
DA:60,0
DA:62,0
DA:63,0
LF:28
LH:10
end_of_record
SF:lib/src/utils/json_object.dart
DA:6,0
DA:7,1
DA:8,0
DA:10,3
LF:4
LH:2
end_of_record
SF:lib/src/node/wasabi/wasabi_model.dart
DA:11,1
DA:18,0
DA:19,0
DA:20,0
DA:21,0
DA:22,0
DA:23,0
LF:7
LH:1
end_of_record
SF:lib/src/node/wasabi/wasabi_service.dart
DA:8,2
DA:10,0
DA:11,0
DA:12,0
DA:13,0
DA:16,0
DA:17,0
DA:20,0
DA:21,0
DA:22,0
DA:23,0
DA:26,0
DA:27,0
LF:13
LH:1
end_of_record
SF:lib/src/node/block/block_model.dart
DA:15,4
DA:24,7
DA:27,3
DA:28,3
DA:29,3
DA:30,3
DA:31,3
DA:32,3
DA:33,3
DA:34,3
DA:36,9
DA:38,1
DA:39,2
DA:40,2
DA:43,1
DA:44,1
DA:45,1
DA:46,1
DA:47,1
DA:48,1
DA:49,1
DA:50,1
DA:51,2
DA:55,3
DA:56,6
DA:58,12
DA:59,3
DA:60,3
DA:61,6
DA:63,3
DA:64,3
DA:65,3
DA:69,0
DA:72,0
DA:73,0
DA:74,0
DA:75,0
DA:76,0
DA:77,0
DA:78,0
DA:79,0
LF:41
LH:32
end_of_record
SF:lib/src/utils/utils.dart
DA:13,5
DA:14,5
DA:15,5
DA:16,5
DA:17,10
DA:18,10
DA:20,15
DA:28,4
DA:29,8
DA:30,0
DA:36,8
DA:37,12
DA:39,28
DA:44,0
DA:47,4
DA:48,4
DA:49,8
DA:50,24
DA:51,4
DA:59,1
DA:60,4
DA:64,2
DA:65,2
DA:67,1
DA:68,3
DA:69,4
DA:70,4
DA:73,2
DA:75,0
DA:77,0
DA:80,1
DA:81,4
DA:82,4
DA:84,3
DA:88,2
DA:89,4
DA:90,1
DA:91,2
DA:93,2
DA:96,1
DA:99,2
DA:101,1
DA:104,0
DA:105,0
DA:106,0
DA:109,0
DA:110,0
DA:111,0
DA:112,0
DA:113,0
DA:116,0
DA:119,0
DA:120,0
DA:121,0
DA:125,0
DA:126,0
DA:127,0
DA:128,0
DA:131,5
DA:132,5
DA:133,5
DA:136,0
DA:138,0
DA:139,0
DA:144,0
DA:145,0
DA:147,0
DA:148,0
DA:150,0
DA:151,0
DA:152,0
DA:158,4
DA:159,8
DA:160,16
DA:163,4
DA:167,9
DA:169,8
DA:172,3
DA:176,2
DA:178,3
DA:182,4
DA:187,12
DA:192,8
DA:193,8
DA:194,8
DA:196,12
DA:197,12
DA:203,12
DA:204,0
LF:89
LH:58
end_of_record
SF:lib/src/node/block/block_model_reponse.dart
DA:8,3
LF:1
LH:1
end_of_record
SF:lib/src/utils/merkel_tree.dart
DA:12,4
DA:13,12
DA:14,4
DA:15,6
DA:16,2
DA:17,2
DA:18,2
DA:19,6
DA:20,2
DA:21,2
DA:22,2
DA:23,2
DA:25,16
DA:29,3
DA:30,3
DA:31,3
DA:32,3
DA:33,6
DA:34,3
DA:35,3
DA:36,3
DA:38,6
DA:39,3
DA:40,3
DA:41,3
DA:43,12
DA:44,3
DA:47,4
DA:48,4
DA:49,12
DA:50,8
DA:52,12
DA:53,4
DA:54,8
DA:55,8
DA:56,4
DA:57,4
DA:58,4
DA:59,4
DA:62,4
DA:64,8
DA:65,8
DA:66,4
DA:69,4
DA:72,4
DA:74,12
DA:75,12
DA:76,8
DA:77,12
DA:78,8
DA:79,8
DA:80,12
DA:81,8
DA:82,8
DA:83,12
DA:84,16
DA:85,4
DA:86,4
DA:87,4
DA:89,12
DA:90,16
DA:91,4
DA:92,4
DA:93,4
LF:64
LH:64
end_of_record
SF:lib/src/node/block/block_repository.dart
DA:12,4
DA:13,4
DA:16,4
DA:17,8
DA:28,4
DA:31,4
DA:32,8
DA:33,4
DA:34,8
DA:35,4
DA:36,8
DA:37,4
DA:38,8
DA:39,4
DA:40,16
DA:43,1
DA:44,1
DA:45,1
DA:46,1
DA:49,1
DA:50,2
DA:51,2
DA:54,3
DA:55,3
DA:56,3
DA:57,3
DA:60,0
DA:61,0
DA:62,0
DA:65,3
DA:67,0
DA:68,6
DA:81,3
DA:82,3
DA:83,4
DA:84,1
DA:85,1
DA:86,2
DA:87,1
DA:88,2
DA:90,2
DA:91,1
DA:92,1
DA:94,1
DA:95,1
DA:100,0
DA:101,0
DA:102,0
LF:48
LH:41
end_of_record
SF:lib/src/utils/page_model.dart
DA:5,1
LF:1
LH:1
end_of_record
SF:lib/src/node/block/block_service.dart
DA:18,3
DA:20,3
DA:28,3
DA:29,12
DA:30,3
DA:31,3
DA:32,15
DA:33,3
DA:35,3
DA:37,3
DA:38,9
DA:39,6
DA:40,3
DA:44,4
DA:48,1
DA:49,2
DA:54,0
DA:55,0
DA:58,0
DA:61,0
LF:20
LH:16
end_of_record
SF:lib/src/node/transaction/transaction_model.dart
DA:20,3
DA:31,6
DA:32,3
DA:35,3
DA:36,3
DA:37,3
DA:38,3
DA:39,3
DA:40,3
DA:41,3
DA:42,3
DA:43,3
DA:44,3
DA:45,3
DA:47,1
DA:48,2
DA:49,3
DA:52,0
DA:54,0
DA:55,0
DA:56,0
DA:57,0
DA:58,0
DA:60,0
DA:61,0
DA:62,0
DA:63,0
DA:65,0
DA:67,1
DA:71,1
DA:72,2
DA:73,1
DA:74,1
DA:75,1
DA:76,2
DA:79,4
DA:80,2
DA:81,2
DA:82,4
DA:83,5
DA:84,4
DA:85,3
DA:88,4
DA:89,8
DA:91,20
DA:93,16
DA:95,20
DA:96,4
DA:97,27
DA:98,12
DA:99,8
DA:101,4
DA:102,4
DA:103,4
DA:104,4
DA:105,4
DA:109,0
DA:112,0
DA:113,0
DA:114,0
DA:116,0
DA:117,0
DA:119,1
LF:63
LH:46
end_of_record
SF:lib/src/node/bouncer/bouncer_service.dart
DA:5,1
LF:1
LH:1
end_of_record
SF:lib/src/node/keys/keys_model.dart
DA:15,4
DA:17,1
DA:18,2
DA:19,2
DA:21,4
DA:22,4
DA:23,8
DA:24,8
LF:8
LH:8
end_of_record
SF:lib/src/utils/rsa/rsa_private_key.dart
DA:20,5
DA:22,5
DA:24,2
DA:25,4
DA:26,2
DA:29,4
DA:32,4
DA:33,4
DA:34,4
DA:35,4
DA:36,4
DA:38,6
DA:39,4
DA:42,2
DA:43,6
DA:45,5
DA:46,5
DA:47,10
DA:48,5
DA:50,15
DA:52,10
DA:53,5
DA:55,5
DA:56,10
DA:57,10
DA:58,10
DA:59,10
DA:60,10
DA:61,10
DA:63,30
DA:65,30
DA:66,20
DA:67,5
DA:68,5
DA:69,5
DA:70,5
DA:71,5
DA:72,5
DA:73,5
DA:74,5
DA:75,5
DA:76,5
DA:77,5
DA:78,10
DA:80,5
DA:81,5
DA:82,5
DA:83,5
DA:84,10
LF:49
LH:49
end_of_record
SF:lib/src/node/keys/keys_repository.dart
DA:15,4
DA:17,12
DA:18,12
DA:19,8
DA:21,1
DA:22,4
DA:23,2
DA:26,0
DA:27,0
DA:29,0
DA:30,0
LF:11
LH:7
end_of_record
SF:lib/src/node/keys/keys_service.dart
DA:17,4
DA:18,5
DA:21,4
DA:22,8
DA:23,16
DA:24,4
DA:26,4
DA:28,8
DA:29,8
DA:31,12
DA:32,7
DA:37,1
DA:38,3
LF:13
LH:13
end_of_record
SF:lib/src/utils/mem_sec_storage.dart
DA:7,0
DA:10,0
DA:13,1
DA:14,2
LF:4
LH:2
end_of_record
SF:lib/src/utils/rsa/rsa.dart
DA:25,5
DA:26,5
DA:27,10
DA:28,10
DA:29,5
DA:31,5
DA:32,5
DA:33,5
DA:35,5
DA:36,15
DA:37,15
DA:38,10
DA:41,5
DA:42,25
DA:44,1
DA:45,2
DA:46,2
DA:47,1
DA:50,1
DA:53,4
DA:54,2
DA:55,2
DA:57,2
DA:59,5
DA:61,2
DA:64,1
DA:65,1
DA:66,2
DA:67,2
DA:68,1
DA:69,2
DA:70,2
DA:71,2
DA:73,2
DA:76,1
DA:77,2
DA:78,2
DA:79,1
DA:82,1
DA:83,1
DA:84,2
DA:85,2
DA:86,1
DA:87,2
DA:88,2
DA:89,2
DA:91,2
DA:94,4
DA:95,8
DA:96,8
DA:97,4
DA:98,4
DA:101,1
DA:104,4
DA:105,2
DA:106,2
DA:108,2
DA:110,5
DA:112,2
DA:115,1
DA:116,1
DA:117,2
DA:118,2
DA:119,1
DA:120,4
DA:121,2
DA:123,2
DA:126,3
DA:127,3
DA:128,6
DA:129,6
DA:131,3
DA:132,0
DA:137,1
DA:139,1
DA:140,2
DA:141,2
DA:142,2
DA:143,1
DA:144,2
DA:145,2
DA:146,2
DA:147,2
DA:149,2
DA:152,1
DA:154,5
DA:155,2
DA:156,2
DA:158,2
DA:159,2
DA:160,5
DA:166,2
LF:92
LH:91
end_of_record
SF:lib/src/node/transaction/transaction_repository.dart
DA:17,3
DA:18,3
DA:21,3
DA:22,6
DA:35,3
DA:38,3
DA:39,6
DA:40,3
DA:41,6
DA:42,6
DA:43,3
DA:44,6
DA:45,6
DA:46,6
DA:47,3
DA:48,9
DA:49,9
DA:50,9
DA:54,2
DA:55,4
DA:56,4
DA:57,6
DA:58,4
DA:59,2
DA:60,6
DA:63,0
DA:64,0
DA:65,0
DA:66,0
DA:69,2
DA:71,2
DA:74,2
DA:76,4
DA:77,4
DA:80,0
DA:81,0
DA:82,0
DA:85,2
DA:86,4
DA:115,0
DA:116,2
DA:117,2
DA:118,4
DA:119,2
DA:121,1
DA:122,2
DA:123,1
DA:125,2
DA:127,2
DA:128,1
DA:129,1
DA:130,1
DA:132,0
DA:133,0
DA:134,0
DA:135,0
DA:138,2
DA:139,4
DA:140,2
DA:141,2
DA:142,4
DA:143,4
DA:144,4
DA:145,4
DA:147,6
DA:148,4
DA:149,1
DA:151,2
DA:152,2
LF:69
LH:57
end_of_record
SF:lib/src/node/transaction/transaction_service.dart
DA:18,3
DA:19,3
DA:28,3
DA:32,3
DA:33,3
DA:35,6
DA:36,12
DA:37,9
DA:38,6
DA:42,2
DA:43,6
DA:44,0
DA:45,0
DA:47,4
DA:51,1
DA:52,1
DA:53,3
DA:55,2
DA:56,8
DA:59,2
DA:61,6
DA:64,0
DA:65,0
DA:68,0
DA:71,3
DA:74,0
LF:26
LH:20
end_of_record
SF:lib/src/utils/rsa/rsa_public_key.dart
DA:18,5
DA:19,5
DA:21,1
DA:22,2
DA:23,1
DA:26,2
DA:28,2
DA:30,2
DA:31,2
DA:32,3
DA:35,5
DA:36,5
DA:37,5
DA:39,15
DA:41,10
DA:42,5
DA:44,5
DA:45,10
DA:46,10
DA:47,5
DA:48,5
DA:49,5
DA:50,5
DA:51,10
DA:53,5
DA:54,5
DA:55,5
DA:56,10
LF:28
LH:28
end_of_record
SF:lib/src/node/wasabi/wasabi_model_rsp.dart
DA:9,0
DA:10,0
DA:11,0
DA:12,0
DA:13,0
DA:14,0
LF:6
LH:0
end_of_record
SF:lib/src/node/wasabi/wasabi_repository.dart
DA:8,2
DA:10,0
DA:11,0
DA:14,0
DA:15,0
LF:5
LH:1
end_of_record
SF:lib/src/utils/isolate.dart
DA:12,5
DA:14,5
DA:15,10
DA:16,5
DA:17,5
DA:19,5
DA:20,20
DA:21,5
DA:22,5
DA:25,5
DA:26,10
DA:27,5
DA:28,5
DA:32,10
DA:34,5
DA:37,5
DA:39,5
DA:42,5
DA:43,5
DA:47,0
DA:51,10
DA:53,0
DA:56,10
DA:59,5
DA:60,15
DA:64,5
DA:65,5
DA:68,0
DA:69,0
DA:70,0
DA:71,0
DA:77,0
DA:79,0
DA:80,0
DA:81,0
DA:87,5
DA:100,5
DA:101,5
DA:102,5
DA:103,20
DA:104,10
DA:118,5
DA:123,15
DA:125,0
DA:128,10
DA:136,5
DA:137,5
DA:145,0
DA:146,0
DA:147,0
DA:148,0
LF:51
LH:36
end_of_record
SF:lib/src/node/node_service.dart
DA:41,4
DA:42,6
DA:88,1
DA:94,2
DA:95,2
DA:96,3
DA:97,2
DA:98,3
DA:99,2
DA:101,2
DA:102,1
DA:104,2
DA:106,2
DA:108,2
DA:110,1
DA:122,1
DA:124,3
DA:125,1
DA:130,0
DA:131,0
DA:135,1
DA:136,1
DA:137,2
DA:138,1
DA:139,0
DA:145,0
DA:146,0
DA:149,0
DA:151,0
DA:152,0
DA:153,0
DA:156,0
DA:159,1
DA:160,2
DA:161,1
DA:163,2
DA:164,4
DA:166,2
DA:167,3
DA:168,2
DA:169,2
DA:170,1
DA:171,2
DA:172,4
DA:173,2
DA:174,3
DA:175,5
DA:177,2
DA:178,5
DA:180,3
DA:184,1
DA:185,1
DA:186,0
DA:188,0
DA:192,4
DA:195,1
DA:196,1
DA:197,0
DA:198,0
DA:200,0
DA:201,0
DA:206,1
DA:207,5
LF:63
LH:47
end_of_record
SF:lib/src/node/xchain/xchain_service.dart
DA:15,2
DA:17,0
DA:18,0
LF:3
LH:1
end_of_record
