SF:lib/consent/consent_service.dart
DA:24,4
DA:27,2
DA:32,2
DA:34,2
DA:35,4
DA:36,4
DA:37,4
DA:42,2
DA:43,4
LF:9
LH:9
end_of_record
SF:lib/node/node_service.dart
DA:41,4
DA:42,6
DA:44,8
DA:45,8
DA:46,8
DA:47,8
DA:48,8
DA:49,8
DA:51,0
DA:53,4
DA:54,4
DA:64,4
DA:66,12
DA:67,8
DA:68,12
DA:69,0
DA:75,1
DA:76,2
DA:79,2
DA:80,1
DA:82,1
DA:85,4
DA:86,4
DA:87,13
DA:88,2
DA:89,1
DA:90,1
DA:96,1
DA:97,4
DA:98,1
DA:99,3
DA:101,2
DA:102,2
DA:103,4
DA:105,2
DA:106,3
DA:109,1
DA:111,1
DA:112,2
DA:113,2
DA:114,3
DA:115,2
DA:116,3
DA:118,1
LF:44
LH:42
end_of_record
SF:lib/ownership/ownership_service.dart
DA:28,3
DA:29,3
DA:36,3
DA:42,3
DA:44,0
DA:46,3
DA:49,3
DA:52,3
DA:53,3
DA:54,3
DA:55,6
DA:56,3
DA:57,6
DA:58,6
DA:59,6
DA:66,3
DA:67,9
LF:17
LH:16
end_of_record
SF:lib/tiki_sdk.dart
DA:80,1
DA:83,0
DA:85,1
DA:86,1
DA:87,1
DA:88,1
DA:89,2
DA:98,1
DA:101,2
DA:107,2
DA:114,1
DA:116,2
DA:118,3
DA:128,1
DA:131,2
DA:132,1
DA:144,1
DA:149,2
DA:151,0
DA:155,3
DA:157,0
DA:160,1
DA:161,1
DA:163,0
DA:166,0
DA:170,1
DA:172,1
DA:173,0
DA:178,1
DA:179,2
DA:180,1
DA:181,1
DA:182,2
DA:183,1
DA:187,1
DA:188,2
DA:189,1
DA:190,1
DA:191,0
DA:192,0
DA:193,0
DA:194,0
DA:195,0
DA:196,0
LF:44
LH:32
end_of_record
SF:lib/utils/bytes.dart
DA:15,8
DA:16,16
DA:17,0
DA:23,16
DA:24,24
DA:25,48
DA:26,8
DA:31,3
DA:34,8
DA:35,8
DA:36,16
DA:37,48
DA:38,8
DA:46,1
DA:47,4
DA:51,2
DA:52,0
DA:54,1
DA:55,3
DA:56,4
DA:57,4
DA:60,2
DA:62,2
DA:64,0
DA:68,4
DA:73,12
DA:77,8
DA:78,8
DA:79,8
DA:81,12
DA:82,12
DA:87,13
DA:88,3
DA:97,8
DA:98,40
DA:101,9
DA:102,9
DA:103,9
DA:107,3
DA:108,6
DA:109,9
DA:110,6
LF:42
LH:39
end_of_record
SF:lib/consent/consent_model.dart
DA:37,2
DA:41,2
DA:42,2
DA:43,2
DA:44,2
DA:45,2
DA:46,2
DA:47,2
DA:48,2
DA:51,2
DA:52,2
DA:53,6
DA:54,8
DA:55,6
DA:56,2
DA:57,0
DA:58,6
DA:59,2
DA:60,0
DA:61,6
DA:62,2
DA:63,1
DA:64,4
DA:65,2
DA:69,0
DA:70,0
DA:71,0
DA:72,0
DA:73,0
DA:74,0
DA:75,0
DA:76,0
DA:77,0
LF:33
LH:22
end_of_record
SF:lib/tiki_sdk_destination.dart
DA:24,1
DA:27,16
DA:34,2
DA:39,2
DA:40,4
DA:42,2
DA:43,6
DA:44,4
DA:46,2
DA:47,8
DA:50,2
DA:51,2
DA:52,4
DA:53,8
DA:54,4
DA:55,8
DA:56,2
DA:60,0
DA:61,0
DA:62,0
DA:63,0
DA:66,0
LF:22
LH:17
end_of_record
SF:lib/utils/compact_size.dart
DA:15,8
DA:16,8
DA:17,8
DA:18,8
DA:19,8
DA:20,8
DA:24,2
DA:25,2
DA:27,6
DA:28,4
DA:29,4
DA:30,1
DA:31,2
DA:32,1
DA:33,2
DA:34,1
DA:36,0
DA:38,4
DA:39,2
DA:45,8
DA:46,8
DA:47,8
DA:48,8
DA:49,8
DA:50,7
DA:51,7
DA:52,14
DA:53,21
DA:54,1
DA:55,1
DA:56,2
DA:57,3
DA:59,0
DA:60,0
DA:61,0
DA:63,8
DA:67,2
DA:68,2
DA:70,2
DA:72,1
DA:73,1
DA:74,1
DA:75,1
DA:77,0
DA:80,4
DA:81,1
DA:82,2
LF:47
LH:42
end_of_record
SF:lib/consent/consent_repository.dart
DA:42,2
DA:43,2
DA:47,6
DA:59,2
DA:62,2
DA:63,4
DA:66,4
DA:67,2
DA:68,4
DA:69,2
DA:70,2
DA:71,2
DA:76,2
DA:78,4
DA:79,4
DA:80,4
DA:83,2
DA:84,4
DA:87,2
DA:88,2
DA:89,4
DA:90,2
DA:91,2
DA:92,2
DA:93,2
DA:94,2
DA:96,2
DA:97,2
LF:28
LH:28
end_of_record
SF:lib/ownership/ownership_repository.dart
DA:44,3
DA:45,3
DA:49,9
DA:61,3
DA:64,3
DA:65,6
DA:68,6
DA:69,3
DA:70,3
DA:71,6
DA:72,3
DA:73,3
DA:74,6
DA:79,2
DA:81,0
DA:82,0
DA:83,0
DA:84,0
DA:88,3
DA:89,3
DA:90,3
DA:91,3
DA:92,5
DA:95,3
DA:96,6
DA:99,3
DA:100,3
DA:101,5
DA:102,2
DA:103,2
DA:104,2
DA:105,4
DA:106,2
DA:107,2
DA:108,4
DA:109,4
DA:110,2
DA:112,2
DA:113,2
LF:39
LH:35
end_of_record
SF:lib/node/backup/backup_model.dart
DA:24,5
DA:37,2
DA:38,2
DA:39,2
DA:40,2
DA:42,1
DA:43,1
DA:46,0
DA:49,0
DA:50,0
DA:51,0
DA:52,0
LF:12
LH:7
end_of_record
SF:lib/node/backup/backup_repository.dart
DA:30,5
DA:31,5
DA:35,15
DA:41,5
DA:44,15
DA:47,10
DA:48,5
DA:49,5
DA:50,5
DA:52,2
DA:57,5
DA:58,10
DA:64,10
DA:65,10
DA:66,5
DA:67,5
DA:74,5
DA:75,10
DA:78,5
DA:79,10
DA:80,6
DA:83,5
DA:84,10
DA:91,5
DA:92,5
DA:93,7
DA:94,2
DA:95,2
DA:96,2
DA:97,2
DA:99,2
DA:100,2
LF:32
LH:32
end_of_record
SF:lib/node/backup/backup_service.dart
DA:30,4
DA:31,4
DA:32,16
DA:33,8
DA:36,4
DA:37,8
DA:40,4
DA:41,20
DA:42,8
DA:43,8
DA:44,8
DA:47,4
DA:51,1
DA:52,3
DA:54,3
DA:55,2
DA:56,1
DA:59,4
DA:60,12
DA:61,8
DA:62,4
DA:63,2
DA:64,2
DA:65,3
DA:66,3
DA:67,3
DA:69,3
DA:70,1
DA:71,2
DA:72,2
DA:73,1
DA:74,3
DA:75,2
DA:76,2
LF:34
LH:34
end_of_record
SF:lib/node/block/block_model.dart
DA:42,5
DA:48,4
DA:63,5
DA:64,5
DA:65,5
DA:66,5
DA:67,5
DA:68,5
DA:69,5
DA:74,0
DA:75,0
DA:76,0
DA:77,0
DA:78,0
DA:79,0
DA:80,0
DA:81,0
DA:97,3
DA:98,9
DA:99,3
DA:100,6
DA:101,12
DA:102,3
DA:103,3
DA:104,3
DA:106,3
DA:107,6
DA:108,6
DA:109,6
DA:110,6
DA:111,3
DA:115,0
DA:118,0
DA:119,0
DA:120,0
DA:121,0
DA:122,0
DA:123,0
LF:38
LH:23
end_of_record
SF:lib/node/block/block_repository.dart
DA:39,8
DA:40,8
DA:46,24
DA:53,8
DA:56,15
DA:59,10
DA:60,5
DA:61,5
DA:62,5
DA:63,5
DA:64,10
DA:68,3
DA:69,3
DA:70,6
DA:71,6
DA:75,4
DA:76,4
DA:77,7
DA:80,4
DA:82,8
DA:83,8
DA:94,4
DA:95,4
DA:96,7
DA:97,3
DA:98,6
DA:99,6
DA:100,6
DA:101,6
DA:102,6
DA:104,3
DA:105,3
LF:32
LH:32
end_of_record
SF:lib/node/block/block_service.dart
DA:24,12
DA:26,6
DA:38,3
DA:39,6
DA:40,3
DA:42,3
DA:43,3
DA:45,12
DA:52,9
DA:55,6
LF:10
LH:10
end_of_record
SF:lib/node/key/key_model.dart
DA:16,7
DA:18,2
DA:19,6
DA:21,6
DA:23,7
DA:24,14
DA:25,14
DA:26,14
LF:8
LH:8
end_of_record
SF:lib/utils/rsa/rsa_private_key.dart
DA:21,9
DA:22,9
DA:24,3
DA:25,6
DA:26,3
DA:29,6
DA:32,6
DA:33,6
DA:34,6
DA:35,6
DA:36,6
DA:38,9
DA:39,6
DA:42,24
DA:44,8
DA:45,8
DA:46,16
DA:47,8
DA:49,24
DA:51,16
DA:52,8
DA:54,8
DA:55,16
DA:56,16
DA:57,16
DA:58,16
DA:59,16
DA:60,16
DA:62,48
DA:64,48
DA:65,32
DA:66,8
DA:67,8
DA:68,8
DA:69,8
DA:70,8
DA:71,8
DA:72,8
DA:73,8
DA:74,8
DA:75,8
DA:76,8
DA:77,16
DA:79,8
DA:80,8
DA:81,8
DA:82,8
DA:83,16
LF:48
LH:48
end_of_record
SF:lib/node/key/key_repository.dart
DA:15,7
DA:17,21
DA:18,28
DA:20,2
DA:21,6
DA:22,2
LF:6
LH:6
end_of_record
SF:lib/node/key/key_service.dart
DA:26,14
DA:29,7
DA:30,7
DA:31,28
DA:32,7
DA:34,7
DA:36,14
DA:41,6
LF:8
LH:8
end_of_record
SF:lib/utils/rsa/rsa.dart
DA:25,9
DA:26,9
DA:27,18
DA:28,18
DA:29,9
DA:31,9
DA:32,9
DA:33,9
DA:35,9
DA:36,27
DA:37,27
DA:38,18
DA:41,8
DA:42,40
DA:44,1
DA:45,2
DA:46,2
DA:47,1
DA:50,1
DA:53,4
DA:54,2
DA:55,2
DA:56,2
DA:57,1
DA:58,4
DA:60,2
DA:63,1
DA:64,1
DA:65,2
DA:66,2
DA:67,1
DA:68,2
DA:69,4
DA:71,2
DA:74,1
DA:75,2
DA:76,2
DA:77,1
DA:80,1
DA:82,1
DA:83,2
DA:84,2
DA:85,1
DA:86,4
DA:87,2
DA:89,2
DA:92,8
DA:93,16
DA:94,16
DA:95,8
DA:96,8
DA:99,1
DA:102,4
DA:103,2
DA:104,2
DA:106,2
DA:108,5
DA:110,2
DA:113,1
DA:114,1
DA:115,2
DA:116,2
DA:117,1
DA:118,2
DA:119,4
DA:121,2
DA:124,2
DA:125,2
DA:126,4
DA:127,4
DA:129,2
DA:130,0
DA:135,1
DA:137,1
DA:138,2
DA:139,2
DA:140,2
DA:141,1
DA:142,4
DA:143,4
DA:145,2
DA:148,1
DA:150,1
DA:151,4
DA:152,2
DA:153,2
DA:154,2
DA:155,2
DA:156,1
DA:157,4
DA:163,2
DA:166,9
DA:167,9
DA:168,9
DA:169,9
DA:170,18
DA:171,18
DA:173,27
DA:177,1
DA:179,4
DA:180,4
DA:182,3
DA:186,2
DA:187,4
DA:188,1
DA:189,2
DA:191,2
DA:194,1
DA:197,2
DA:199,1
LF:110
LH:109
end_of_record
SF:lib/node/transaction/transaction_service.dart
DA:25,12
DA:34,6
DA:36,6
DA:37,6
DA:38,6
DA:39,18
DA:40,24
DA:41,12
DA:47,2
DA:49,4
DA:54,1
DA:55,3
DA:58,1
DA:59,1
DA:60,4
DA:64,1
DA:66,2
DA:67,1
DA:70,2
DA:71,4
DA:74,15
LF:21
LH:21
end_of_record
SF:lib/sstorage/sstorage_service.dart
DA:33,2
DA:34,2
DA:37,2
DA:39,0
DA:43,0
DA:45,0
DA:46,0
DA:48,0
DA:50,0
DA:51,0
DA:59,2
DA:61,4
DA:62,0
DA:63,0
DA:65,0
DA:66,0
DA:67,0
DA:68,0
DA:69,0
DA:70,0
DA:77,0
DA:79,0
DA:81,0
DA:82,0
DA:83,0
DA:84,0
DA:85,0
DA:93,2
DA:94,2
DA:96,8
DA:97,2
DA:98,6
DA:99,2
DA:101,6
DA:104,0
LF:35
LH:12
end_of_record
SF:lib/node/node_service_builder.dart
DA:27,2
DA:28,2
DA:29,0
DA:30,0
DA:31,0
DA:32,2
DA:33,2
DA:35,1
DA:36,1
DA:37,3
DA:38,1
DA:39,5
DA:41,1
DA:42,2
DA:43,2
DA:44,2
DA:45,2
DA:46,1
DA:47,1
DA:48,2
DA:49,1
DA:53,1
DA:54,1
DA:55,0
DA:57,2
DA:58,1
DA:59,0
DA:64,1
LF:28
LH:23
end_of_record
SF:lib/node/transaction/transaction_model.dart
DA:54,7
DA:64,6
DA:82,6
DA:83,6
DA:84,6
DA:85,6
DA:86,6
DA:87,6
DA:88,6
DA:89,6
DA:90,6
DA:91,6
DA:92,6
DA:97,0
DA:98,0
DA:99,0
DA:100,0
DA:101,0
DA:102,0
DA:103,0
DA:104,0
DA:105,0
DA:106,0
DA:125,6
DA:126,18
DA:127,6
DA:128,12
DA:129,6
DA:130,24
DA:131,6
DA:132,12
DA:133,6
DA:134,6
DA:135,18
DA:136,12
DA:137,6
DA:138,6
DA:139,6
DA:140,6
DA:141,6
DA:142,6
DA:143,6
DA:144,6
DA:148,0
DA:151,0
DA:152,0
DA:153,0
DA:156,0
DA:159,0
DA:160,0
DA:161,0
DA:162,0
DA:163,0
DA:164,0
DA:165,0
DA:166,0
DA:168,0
DA:169,0
LF:58
LH:33
end_of_record
SF:lib/node/transaction/transaction_repository.dart
DA:55,7
DA:56,7
DA:60,21
DA:74,7
DA:77,21
DA:80,14
DA:81,7
DA:82,7
DA:83,7
DA:84,7
DA:85,7
DA:86,7
DA:87,7
DA:88,14
DA:89,7
DA:94,3
DA:95,6
DA:97,3
DA:98,6
DA:99,6
DA:102,12
DA:105,11
DA:108,1
DA:109,1
DA:110,2
DA:111,2
DA:114,6
DA:116,12
DA:138,0
DA:139,6
DA:140,6
DA:141,12
DA:143,12
DA:145,3
DA:146,3
DA:147,3
DA:148,3
DA:149,3
DA:150,3
DA:151,3
DA:152,3
DA:153,3
DA:155,6
DA:157,6
DA:158,12
DA:159,12
DA:160,12
DA:161,12
DA:162,12
DA:163,12
DA:164,3
DA:165,12
DA:166,12
DA:168,6
DA:169,6
LF:55
LH:54
end_of_record
SF:lib/ownership/ownership_model.dart
DA:34,3
DA:57,2
DA:58,2
DA:59,2
DA:60,2
DA:61,2
DA:62,2
DA:63,2
DA:66,3
DA:67,6
DA:68,3
DA:69,15
DA:70,18
DA:71,15
DA:72,9
DA:73,3
DA:74,0
DA:75,12
DA:76,3
DA:80,1
DA:81,1
DA:82,1
DA:83,2
DA:84,1
DA:85,2
DA:86,2
DA:87,2
DA:88,3
DA:89,1
DA:90,1
LF:30
LH:29
end_of_record
SF:lib/tiki_sdk_data_type_enum.dart
DA:17,2
DA:18,4
DA:19,4
DA:23,0
DA:24,0
LF:5
LH:3
end_of_record
SF:lib/sstorage/sstorage_model_list.dart
DA:23,0
DA:34,0
DA:36,0
DA:37,0
DA:38,0
DA:39,0
DA:40,0
DA:41,0
DA:44,0
DA:45,0
DA:46,0
DA:47,0
DA:48,0
DA:49,0
DA:54,0
DA:56,0
LF:16
LH:0
end_of_record
SF:lib/sstorage/sstorage_model_list_ver.dart
DA:22,0
DA:32,0
DA:34,0
DA:35,0
DA:36,0
DA:37,0
DA:38,0
DA:39,0
DA:40,0
DA:42,0
DA:43,0
DA:44,0
DA:45,0
DA:46,0
DA:51,0
DA:53,0
LF:16
LH:0
end_of_record
SF:lib/sstorage/sstorage_model_list_ver_owner.dart
DA:15,0
DA:17,0
DA:19,0
DA:20,0
DA:25,0
DA:27,0
LF:6
LH:0
end_of_record
SF:lib/utils/xml_parse.dart
DA:9,0
DA:10,0
DA:11,0
DA:17,0
DA:18,0
LF:5
LH:0
end_of_record
SF:lib/sstorage/sstorage_model_token_req.dart
DA:23,2
DA:25,0
DA:27,0
DA:28,0
DA:29,0
DA:33,2
DA:34,8
DA:36,0
DA:38,0
LF:9
LH:3
end_of_record
SF:lib/sstorage/sstorage_model_token_rsp.dart
DA:12,0
DA:14,0
DA:16,0
DA:17,0
DA:18,0
DA:19,0
DA:23,0
DA:24,0
DA:25,0
DA:26,0
DA:27,0
DA:30,0
DA:32,0
LF:13
LH:0
end_of_record
SF:lib/sstorage/sstorage_model_upload.dart
DA:14,0
DA:16,0
DA:18,0
DA:19,0
DA:23,0
DA:24,0
DA:26,0
DA:28,0
LF:8
LH:0
end_of_record
SF:lib/sstorage/sstorage_repository.dart
DA:24,2
DA:38,2
DA:41,6
DA:42,2
DA:47,4
DA:48,4
DA:49,0
DA:51,2
DA:52,8
DA:57,0
DA:59,0
DA:60,0
DA:64,0
DA:65,0
DA:66,0
DA:67,0
DA:68,0
DA:73,0
DA:74,0
DA:75,0
DA:77,0
DA:79,0
DA:80,0
DA:82,0
DA:87,0
DA:88,0
DA:90,0
DA:91,0
DA:92,0
DA:93,0
DA:94,0
DA:95,0
DA:99,0
LF:33
LH:8
end_of_record
SF:lib/tiki_sdk_builder.dart
DA:69,2
DA:72,2
DA:75,2
DA:78,2
DA:81,0
DA:87,1
DA:88,1
DA:89,2
DA:90,2
DA:91,2
DA:92,2
DA:93,1
DA:95,3
DA:97,2
DA:98,1
DA:99,1
DA:100,1
DA:101,1
LF:18
LH:17
end_of_record
SF:lib/utils/isolate.dart
DA:17,8
DA:19,8
DA:20,16
DA:21,8
DA:22,8
DA:24,8
DA:25,32
DA:26,8
DA:27,8
DA:30,8
DA:31,16
DA:32,8
DA:33,8
DA:37,8
DA:39,8
DA:42,8
DA:44,8
DA:47,8
DA:48,8
DA:52,0
DA:56,8
DA:58,0
DA:61,16
DA:64,8
DA:65,24
DA:69,8
DA:70,8
DA:73,0
DA:74,0
DA:75,0
DA:76,0
DA:82,0
DA:84,0
DA:85,0
DA:86,0
DA:92,8
DA:105,8
DA:106,8
DA:107,8
DA:108,32
DA:109,16
DA:123,8
DA:128,16
DA:130,0
DA:133,16
DA:141,8
DA:142,8
DA:150,0
DA:151,0
DA:152,0
DA:153,0
LF:51
LH:36
end_of_record
SF:lib/utils/merkel_tree.dart
DA:27,3
DA:28,9
DA:29,4
DA:30,6
DA:31,2
DA:32,2
DA:33,2
DA:34,8
DA:35,2
DA:36,2
DA:37,2
DA:38,2
DA:40,8
DA:45,2
DA:46,2
DA:47,2
DA:48,2
DA:49,6
DA:50,2
DA:51,2
DA:52,2
DA:54,6
DA:55,2
DA:56,2
DA:57,2
DA:59,8
DA:60,2
DA:63,2
DA:64,2
DA:65,6
DA:66,4
DA:68,6
DA:69,2
DA:70,4
DA:71,6
DA:72,2
DA:73,2
DA:74,2
DA:75,2
DA:78,2
DA:80,4
DA:81,4
DA:82,2
DA:85,2
DA:88,2
DA:90,6
DA:91,6
DA:92,4
DA:93,6
DA:94,4
DA:95,4
DA:96,6
DA:97,4
DA:98,4
DA:99,6
DA:100,8
DA:101,2
DA:102,2
DA:103,2
DA:105,6
DA:106,8
DA:107,2
DA:108,2
DA:109,2
LF:64
LH:64
end_of_record
SF:lib/utils/rsa/rsa_public_key.dart
DA:19,18
DA:21,9
DA:22,9
DA:23,9
DA:25,27
DA:27,18
DA:28,9
DA:30,9
DA:31,18
DA:32,18
DA:33,9
DA:34,9
DA:35,9
DA:36,9
DA:37,18
DA:39,9
DA:40,9
DA:41,9
DA:42,9
DA:45,2
DA:46,4
DA:47,2
DA:50,4
DA:52,4
DA:54,4
DA:55,4
DA:56,6
DA:59,18
LF:28
LH:28
end_of_record
